[17:25:01] Download PocketBase v0.36.7...
[17:25:06] OK PocketBase v0.36.7 scaricato
[17:25:06] OK pocketbase.exe sbloccato
[17:25:23] Avvio PocketBase (finestra visibile - accetta eventuali avvisi)...
[17:25:23] Attendo PocketBase (max 60 sec)...
[17:30:26] ERRORE PocketBase non risponde dopo 60 secondi.
[17:31:24] OK pocketbase.exe sbloccato
[17:31:40] AVVISO Impossibile aggiungere regola firewall (esegui come amministratore per accesso da rete)
[17:31:40] Avvio PocketBase (finestra visibile - accetta eventuali avvisi)...
[17:31:40] Attendo PocketBase (max 60 sec)...
[17:32:57] OK pocketbase.exe sbloccato
[17:33:14] AVVISO Impossibile aggiungere regola firewall (esegui come amministratore per accesso da rete)
[17:33:14] Avvio PocketBase (finestra visibile - accetta eventuali avvisi)...
[17:33:14] Attendo PocketBase (max 60 sec)...
[17:37:15] OK pocketbase.exe sbloccato
[17:37:27] AVVISO Impossibile aggiungere regola firewall (esegui come amministratore per accesso da rete)
[17:37:27] Avvio PocketBase (finestra visibile - accetta eventuali avvisi)...
[17:37:27] Attendo PocketBase (max 60 sec)...
[17:37:28] OK PocketBase avviato - migrazioni applicate
[17:37:28] Creo account amministratore...
[17:37:28] OK Admin creato: salamellesottolestelle@gmail.com
[17:37:30] OK Configurazione completata!
[17:37:30] OK Frontend pb_public gia' aggiornato
[17:37:30] Avvio PocketBase in background...
[17:37:30] Attendo PocketBase...
[17:37:31] OK Database attivo su http://127.0.0.1:8090
[17:37:33] OK Browser aperto: http://192.168.178.34:8090
[18:04:18] Chiusura...
[18:04:18] OK Cassa spenta
[18:04:36] OK pocketbase.exe sbloccato
[18:04:37] OK Frontend pb_public gia' aggiornato
[18:04:37] Avvio PocketBase in background...
[18:04:37] Attendo PocketBase...
[18:04:37] OK Database attivo su http://127.0.0.1:8090
[18:04:38] OK Browser aperto: http://192.168.178.34:8090
[18:12:17] Chiusura...
[18:12:18] OK Cassa spenta
[18:12:34] OK pocketbase.exe sbloccato
[18:12:34] OK Frontend pb_public gia' aggiornato
[18:12:34] Avvio PocketBase in background...
[18:12:34] Attendo PocketBase...
[18:12:35] OK Database attivo su http://127.0.0.1:8090
[18:12:37] OK Browser aperto: http://192.168.178.34:8090
[18:24:22] OK pocketbase.exe sbloccato
[18:24:22] OK Frontend pb_public gia' aggiornato
[18:24:22] Avvio PocketBase in background...
[18:24:22] Attendo PocketBase...
[18:24:23] OK Database attivo su http://127.0.0.1:8090
[18:24:24] OK Browser aperto: http://192.168.178.34:8090
[18:24:34] AVVISO PocketBase fermato - riavvio...
[18:24:44] AVVISO PocketBase fermato - riavvio...
[18:24:54] AVVISO PocketBase fermato - riavvio...
[18:25:04] AVVISO PocketBase fermato - riavvio...
[18:25:14] AVVISO PocketBase fermato - riavvio...
[18:25:24] AVVISO PocketBase fermato - riavvio...
[18:25:34] AVVISO PocketBase fermato - riavvio...
[18:25:44] AVVISO PocketBase fermato - riavvio...
[18:25:54] AVVISO PocketBase fermato - riavvio...
[18:26:04] AVVISO PocketBase fermato - riavvio...
[18:26:14] AVVISO PocketBase fermato - riavvio...
[18:26:24] AVVISO PocketBase fermato - riavvio...
[18:26:35] AVVISO PocketBase fermato - riavvio...
[18:26:45] AVVISO PocketBase fermato - riavvio...
[18:26:52] Chiusura...
[18:26:52] OK Cassa spenta
[18:27:01] Chiusura...
[18:27:01] OK Cassa spenta
[18:27:11] OK pocketbase.exe sbloccato
[18:27:11] OK Frontend pb_public gia' aggiornato
[18:27:11] Avvio PocketBase in background...
[18:27:11] Attendo PocketBase...
[18:27:11] OK Database attivo su http://127.0.0.1:8090
[18:27:13] OK Browser aperto: http://192.168.178.34:8090
[18:28:41] Chiusura...
[18:28:41] OK Cassa spenta
[18:48:33] OK pocketbase.exe sbloccato
[18:48:34] OK Frontend pb_public gia' aggiornato
[18:48:34] Avvio PocketBase in background...
[18:48:34] Attendo PocketBase...
[18:50:16] OK pocketbase.exe sbloccato
[18:50:16] OK Frontend pb_public gia' aggiornato
[18:50:16] Avvio PocketBase in background...
[18:50:16] Attendo PocketBase...
[18:52:18] ERRORE PocketBase non risponde. Controlla Windows Defender.
[18:54:14] OK pocketbase.exe sbloccato
[18:54:14] OK Frontend pb_public gia' aggiornato
[18:54:14] Avvio PocketBase in background...
[18:54:14] Attendo PocketBase...
[18:57:24] OK pocketbase.exe sbloccato
[18:57:24] OK Frontend pb_public gia' aggiornato
[18:57:24] Avvio PocketBase in background...
[18:57:24] Attendo PocketBase...
[21:10:53] OK pocketbase.exe sbloccato
[21:10:53] OK Frontend pb_public gia' aggiornato
[21:10:53] Avvio PocketBase in background...
[21:10:53] Attendo PocketBase...
[21:12:56] ERRORE PocketBase non risponde. Controlla Windows Defender.
[21:14:50] OK pocketbase.exe sbloccato
[21:14:50] OK Frontend pb_public gia' aggiornato
[21:14:50] Avvio PocketBase in background...
[21:14:50] Attendo PocketBase...
[21:16:53] ERRORE PocketBase non risponde. Controlla Windows Defender.
[21:20:45] OK pocketbase.exe sbloccato
[21:20:45] OK Frontend pb_public gia' aggiornato
[21:20:46] Avvio PocketBase in background...
[21:20:46] Attendo PocketBase...
[21:24:52] ERRORE PocketBase non risponde. Controlla Windows Defender.
[21:27:11] OK pocketbase.exe sbloccato
[21:27:11] OK Frontend pb_public gia' aggiornato
[21:27:12] Avvio PocketBase...
[21:27:12] Attendo PocketBase...
[21:31:18] ERRORE PocketBase non risponde. Controlla Windows Defender.
[21:34:57] OK pocketbase.exe sbloccato
[21:34:57] OK Frontend pb_public gia' aggiornato
[21:34:58] Avvio PocketBase...
[21:34:58] Attendo PocketBase...
[21:36:36] OK pocketbase.exe sbloccato
[21:36:36] OK Frontend pb_public gia' aggiornato
[21:36:37] Avvio PocketBase...
[21:36:37] Attendo PocketBase...
[21:37:16] OK pocketbase.exe sbloccato
[21:37:16] OK Frontend pb_public gia' aggiornato
[21:37:17] Avvio PocketBase...
[21:37:17] Attendo PocketBase...
[21:40:36] OK pocketbase.exe sbloccato
[21:40:36] OK Frontend pb_public gia' aggiornato
[21:40:37] Avvio PocketBase...
[21:40:37] Attendo PocketBase...
[21:41:22] OK pocketbase.exe sbloccato
[21:41:22] OK Frontend pb_public gia' aggiornato
[21:41:35] Avvio PocketBase...
[21:41:35] Attendo PocketBase...
[21:42:48] OK pocketbase.exe sbloccato
[21:42:48] OK Frontend pb_public gia' aggiornato
[21:43:00] Avvio PocketBase...
[21:43:00] Attendo PocketBase...
[21:43:01] OK Database attivo su http://127.0.0.1:8090
[21:43:03] OK Browser aperto: http://192.168.178.20:8090
[21:48:49] Chiusura...
[21:48:49] OK Cassa spenta
[21:53:25] OK pocketbase.exe sbloccato
[21:53:25] OK Frontend pb_public gia' aggiornato
[21:53:26] Avvio PocketBase...
[21:53:26] Attendo PocketBase...
[21:53:27] OK Database attivo su http://127.0.0.1:8090
[21:53:28] OK Browser aperto: http://192.168.178.20:8090
[21:55:08] AVVISO PocketBase fermato - riavvio...
[21:55:11] AVVISO PocketBase fermato - riavvio...
[21:55:21] OK pocketbase.exe sbloccato
[21:55:21] OK Frontend pb_public gia' aggiornato
[21:55:33] Avvio PocketBase...
[21:55:33] Attendo PocketBase...
[21:55:34] OK Database attivo su http://127.0.0.1:8090
[21:55:35] OK Browser aperto: http://192.168.178.20:8090
[22:19:42] Chiusura...
[22:19:42] OK Cassa spenta
[22:20:19] OK pocketbase.exe sbloccato
[22:20:19] OK Frontend pb_public gia' aggiornato
[22:20:31] Avvio PocketBase...
[22:20:31] Attendo PocketBase...
[22:20:32] OK Database attivo su http://127.0.0.1:8090
[22:20:33] OK Browser aperto: http://192.168.178.20:8090
[22:23:34] OK pocketbase.exe sbloccato
[22:23:34] OK Frontend pb_public gia' aggiornato
[22:23:35] AVVISO PocketBase fermato - riavvio...
[22:23:45] AVVISO PocketBase fermato - riavvio...
[22:23:47] Avvio PocketBase...
[22:23:47] Attendo PocketBase...
[22:23:47] OK Database attivo su http://127.0.0.1:8090
[22:23:48] OK Browser aperto: http://192.168.178.20:8090
[22:23:49] AVVISO PocketBase fermato - riavvio...
[22:23:50] AVVISO PocketBase fermato - riavvio...
[22:23:51] AVVISO PocketBase fermato - riavvio...
[22:23:52] AVVISO PocketBase fermato - riavvio...
[22:23:53] AVVISO PocketBase fermato - riavvio...
[22:23:54] AVVISO PocketBase fermato - riavvio...
[22:23:55] AVVISO PocketBase fermato - riavvio...
[22:23:56] AVVISO PocketBase fermato - riavvio...
[22:23:57] AVVISO PocketBase fermato - riavvio...
[22:23:59] AVVISO PocketBase fermato - riavvio...
[22:24:00] AVVISO PocketBase fermato - riavvio...
[22:24:01] AVVISO PocketBase fermato - riavvio...
[22:24:02] AVVISO PocketBase fermato - riavvio...
[22:24:03] AVVISO PocketBase fermato - riavvio...
[22:24:04] AVVISO PocketBase fermato - riavvio...
[22:24:05] AVVISO PocketBase fermato - riavvio...
[22:24:06] AVVISO PocketBase fermato - riavvio...
[22:24:07] AVVISO PocketBase fermato - riavvio...
[22:24:08] AVVISO PocketBase fermato - riavvio...
[22:24:09] AVVISO PocketBase fermato - riavvio...
[22:24:10] AVVISO PocketBase fermato - riavvio...
[22:24:11] AVVISO PocketBase fermato - riavvio...
[22:24:12] AVVISO PocketBase fermato - riavvio...
[22:24:13] AVVISO PocketBase fermato - riavvio...
[22:24:14] Chiusura...
[22:24:14] AVVISO PocketBase fermato - riavvio...
[22:24:17] AVVISO PocketBase fermato - riavvio...
[22:24:25] AVVISO PocketBase fermato - riavvio...
[22:24:29] Chiusura...
[22:24:42] OK pocketbase.exe sbloccato
[22:24:42] OK Frontend pb_public gia' aggiornato
[22:24:43] Avvio PocketBase...
[22:24:43] Attendo PocketBase...
[22:24:44] OK Database attivo su http://127.0.0.1:8090
[22:24:45] OK Browser aperto: http://192.168.178.20:8090
[22:28:12] OK pocketbase.exe sbloccato
[22:28:12] OK Frontend pb_public gia' aggiornato
[22:28:13] AVVISO PocketBase fermato - riavvio...
[22:28:18] AVVISO PocketBase fermato - riavvio...
[22:28:24] Chiusura...
[22:28:39] OK pocketbase.exe sbloccato
[22:28:39] OK Frontend pb_public gia' aggiornato
[22:28:40] Avvio PocketBase...
[22:28:40] Attendo PocketBase...
[22:28:40] OK Database attivo su http://127.0.0.1:8090
[22:28:41] OK Browser aperto: http://192.168.178.20:8090
[22:29:41] Chiusura...
[22:42:01] OK pocketbase.exe sbloccato
[22:42:01] OK Frontend pb_public gia' aggiornato
[22:42:02] Avvio PocketBase...
[22:42:02] Attendo PocketBase...
[22:42:03] OK Database attivo su http://127.0.0.1:8090
[22:42:04] OK Browser aperto: http://192.168.178.20:8090
[22:48:40] OK pocketbase.exe sbloccato
[22:48:40] OK Frontend pb_public gia' aggiornato
[22:48:41] Avvio PocketBase...
[22:48:41] Attendo PocketBase...
[22:48:44] OK Database attivo su http://127.0.0.1:8090
[22:48:47] OK Browser aperto: http://192.168.178.93:8090
[22:58:49] AVVISO PocketBase fermato - riavvio...
[22:58:59] OK pocketbase.exe sbloccato
[22:58:59] OK Frontend pb_public gia' aggiornato
[22:59:12] Avvio PocketBase...
[22:59:12] Attendo PocketBase...
[22:59:12] OK Database attivo su http://127.0.0.1:8090
[22:59:13] OK Browser aperto: http://192.168.178.93:8090
[23:03:56] OK pocketbase.exe sbloccato
[23:03:56] OK Frontend pb_public gia' aggiornato
[23:03:57] Avvio PocketBase...
[23:03:57] Attendo PocketBase...
[23:04:01] OK Database attivo su http://127.0.0.1:8090
[23:04:02] OK Browser aperto: http://192.168.178.20:8090
[23:09:27] OK pocketbase.exe sbloccato
[23:09:28] OK Frontend pb_public gia' aggiornato
[23:09:40] Avvio PocketBase...
[23:09:40] Attendo PocketBase...
[23:09:41] OK Database attivo su http://127.0.0.1:8090
[23:09:42] OK Browser aperto: http://192.168.178.20:8090
[23:43:06] AVVISO PocketBase fermato - riavvio...
[00:29:27] OK pocketbase.exe sbloccato
[00:29:27] OK Frontend pb_public gia' aggiornato
[00:29:28] Avvio PocketBase...
[00:29:28] Attendo PocketBase...
[00:29:33] OK Database attivo su http://127.0.0.1:8090
[00:29:36] OK Browser aperto: http://192.168.178.20:8090
[00:41:31] Chiusura...
[00:42:01] OK pocketbase.exe sbloccato
[00:42:01] OK Frontend pb_public gia' aggiornato
[00:42:02] Avvio PocketBase...
[00:42:02] Attendo PocketBase...
[00:42:03] OK Database attivo su http://127.0.0.1:8090
[00:42:05] OK Browser aperto: http://192.168.178.20:8090
[00:44:01] Chiusura...
[00:44:16] OK pocketbase.exe sbloccato
[00:44:16] OK Frontend pb_public gia' aggiornato
[00:44:29] Avvio PocketBase...
[00:44:29] Attendo PocketBase...
[00:44:29] OK Database attivo su http://127.0.0.1:8090
[00:44:30] OK Browser aperto: http://192.168.178.20:8090
[00:45:48] Chiusura...
[00:46:34] OK pocketbase.exe sbloccato
[00:46:34] OK Frontend pb_public gia' aggiornato
[00:46:35] Avvio PocketBase...
[00:46:35] Attendo PocketBase...
[00:46:36] OK Database attivo su http://127.0.0.1:8090
[00:46:37] OK Browser aperto: http://192.168.178.20:8090
[01:04:14] Chiusura...
[01:05:25] OK pocketbase.exe sbloccato
[01:05:25] OK Frontend pb_public gia' aggiornato
[01:05:26] Avvio PocketBase...
[01:05:26] Attendo PocketBase...
[01:05:27] OK Database attivo su http://127.0.0.1:8090
[01:05:28] OK Browser aperto: http://192.168.178.20:8090
[07:26:37] Chiusura...
[07:44:08] OK pocketbase.exe sbloccato
[07:44:09] OK Frontend pb_public gia' aggiornato
[07:44:10] Avvio PocketBase...
[07:44:10] Attendo PocketBase...
[07:44:13] OK Database attivo su http://127.0.0.1:8090
[07:44:15] OK Browser aperto: http://192.168.178.34:8090
[07:59:18] Chiusura...
[07:59:40] OK pocketbase.exe sbloccato
[07:59:40] OK Frontend pb_public gia' aggiornato
[07:59:41] Avvio PocketBase...
[07:59:41] Attendo PocketBase...
[07:59:42] OK Database attivo su http://127.0.0.1:8090
[07:59:43] OK Browser aperto: http://192.168.178.34:8090
[08:01:06] Chiusura...
[08:01:33] OK pocketbase.exe sbloccato
[08:01:34] OK Frontend pb_public gia' aggiornato
[08:01:35] Avvio PocketBase...
[08:01:35] Attendo PocketBase...
[08:01:36] OK Database attivo su http://127.0.0.1:8090
[08:01:37] OK Browser aperto: http://192.168.178.34:8090
